6828 decimal is 15254 octal!
Physical memory: 32768K available, base = 640K, extended = 31744K
check_page_alloc() succeeded!
page_check() succeeded!
check_boot_pgdir() succeeded!
enabled interrupts: 1 2 4
	     Setup timer interrupts via 8259A
enabled interrupts: 0 1 2 4
	     unmasked timer interrupt
[00000000] new env 00001000
[00000000] new env 00001001
[00001001] new env 00001002
env 4097 to env 4098 send ok,value:2
from env 4097 to env 4098,recieve ok,value:2
2 [00001002] new env 00001003
env 4097 to env 4098 send ok,value:3
from env 4097 to env 4098,recieve ok,value:3
my p is 2
env 4098 to env 4099 send ok,value:3
from env 4098 to env 4099,recieve ok,value:3
3 [00001003] new env 00001004
env 4097 to env 4098 send ok,value:4
from env 4097 to env 4098,recieve ok,value:4
my p is 2
env 4097 to env 4098 send ok,value:5
from env 4097 to env 4098,recieve ok,value:5
my p is 2
env 4098 to env 4099 send ok,value:5
env 4097 to env 4098 send ok,value:6
from env 4098 to env 4099,recieve ok,value:5
my p is 3
env 4099 to env 4100 send ok,value:5
from env 4099 to env 4100,recieve ok,value:5
5 [00001004] new env 00001005
from env 4097 to env 4098,recieve ok,value:6
my p is 2
env 4097 to env 4098 send ok,value:7
from env 4097 to env 4098,recieve ok,value:7
my p is 2
env 4098 to env 4099 send ok,value:7
env 4097 to env 4098 send ok,value:8
from env 4098 to env 4099,recieve ok,value:7
my p is 3
env 4099 to env 4100 send ok,value:7
from env 4099 to env 4100,recieve ok,value:7
my p is 5
env 4100 to env 4101 send ok,value:7
from env 4100 to env 4101,recieve ok,value:7
7 [00001005] new env 00001006
from env 4097 to env 4098,recieve ok,value:8
my p is 2
env 4097 to env 4098 send ok,value:9
from env 4097 to env 4098,recieve ok,value:9
my p is 2
env 4098 to env 4099 send ok,value:9
env 4097 to env 4098 send ok,value:10
from env 4098 to env 4099,recieve ok,value:9
my p is 3
from env 4097 to env 4098,recieve ok,value:10
my p is 2
env 4097 to env 4098 send ok,value:11
from env 4097 to env 4098,recieve ok,value:11
my p is 2
env 4098 to env 4099 send ok,value:11
env 4097 to env 4098 send ok,value:12
from env 4098 to env 4099,recieve ok,value:11
my p is 3
env 4099 to env 4100 send ok,value:11
from env 4097 Ão env 4098,recieve ok,value:12
my p is 2
env 4097 to env 4098 send ok,value:13
from env 4099 to env 4100,recieve ok,value:11
my p is 5
env 4100 to env 4101 send ok,value:11
from env 4097 to env 4098,recieve ok,value:13
my p is 2
env 4098 to env 4099 send ok,value:13
from env 4100 to env 4101,recieve ok,value:11
my p is 7
env 4101 to env 4102 send ok,value:11
env 4097 to env 4098 send ok,value:14
from env 4098 to env 4099,recieve ok,value:13
my p is 3
env 4099 to env 4100 send ok,value:13
from env 4101 to env 4102,recieve ok,value:11
11 [00001006] new env 00001007
from env 4099 to env 4100,recieve ok,value:13
my p is 5
env 4100 to env 4101 send ok,value:13
from env 4097 to env 4098,recieve ok,value:14
my p is 2
env 4097 to env 4098 send ok,value:15
from env 4100 to env 4101,recieve ok,value:13
my p is 7
env 4101 to env 4102 send ok,value:13
from env 4101 to env 4102,recieve ok,value:13
my p is 11
env 4102 to env 4103 send ok,value:13
from env 4102 to env 4103,recieve ok,value:13
13 [00001007] new env 00001008
from env 4097 to env 409my p is 2
env 4098 to env 4099 send ok,value:15
from env 4098 to env 4099,recieve ok,value:15
my p is 3
env 4097 to env 4098 send ok,value:16
from env 4097 to env 4098,recieve ok,value:16
my p is 2
env 4097 to env 4098 send ok,value:17
from env 4097 to env 4098,recieve ok,value:17
my p is 2
env 4098 to env 4099 send ok,value:17
env 4097 to env 4098 send ok,value:18
from env 4098 to env 4099,recieve ok,value:17
my p is 3
env 4099 to env 4100 send ok,value:17
from env 4099 to env 4100,recieve ok,value:17
my p is 5
env 4100 to env 4101 send ok,value:17
from env 4100 to env 4101,recieve ok,value:17
my p is 7
env 4101 to env 4102 send ok,value:17
from env 4101 to env 4102,recieve ok,value:17
my p is 11
env 4102 to env 4103 send ok,value:17
from env 4097 to env 4098,recieve ok,value:18
my p is 2
env 4097 to env 4098 send ok,value:19
from env 4097 to env 4098,recieve ok,value:19
my p is 2
env 4098 to env 4099 send ok,value:19
from env 4102 to env 4103,recieve ok,value:17
my p is 13
env 4103 to env 4104 send ok,value:17
env 4097 to env 4098 send ok,value:20
from env 4098 to env 4099,recieve ok,value:19
my p is 3
env 4099 to env 4100 send ok,value:19
user panic in (PROGRAM NAME UNKNOWN) at lib/fork.c:64: the fault page isn't fault write,error 8389349ip is 10029b4,va is 4,errcode is 4096
Welcome to the JOS kernel monitor!
Type 'help' for a list of commands.
TRAP frame at 0xf01ea100
  edi  0x00000000
  esi  0x00000004
  ebp  0xeebfff8c
  oesp 0xefbfffdc
  ebx  0xeebfffa0
  edx  0x00800ac4
  ecx  0xeebffe04
  eax  0x00000001
  es   0x----0023
  ds   0x----0023
  trap 0x00000003 Breakpoint
  err  0x00000000
  eip  0x008001af
  cs   0x----001b
  flag 0x00000086
  esp  0xeebfff84
  ss   0x----0023
